[2024-03-02 06:43:55] ERROR [django.security.DisallowedHost:99] [trace_id=0 span_id=0] [response_for_exception] Invalid HTTP_HOST header: 'service-2:8000'. You may need to add 'service-2' to ALLOWED_HOSTS.
[2024-03-02 06:43:55] WARNING [django.request:225] [trace_id=0 span_id=0] [log_response] Bad Request: /metrics
[2024-03-02 06:43:55] WARNING [django.server:179] [trace_id=0 span_id=0] [log_message] "GET /metrics HTTP/1.1" 400 73710
[2024-03-02 06:44:05] ERROR [django.security.DisallowedHost:99] [trace_id=0 span_id=0] [response_for_exception] Invalid HTTP_HOST header: 'service-2:8000'. You may need to add 'service-2' to ALLOWED_HOSTS.
[2024-03-02 06:44:05] WARNING [django.request:225] [trace_id=0 span_id=0] [log_response] Bad Request: /metrics
[2024-03-02 06:44:05] WARNING [django.server:179] [trace_id=0 span_id=0] [log_message] "GET /metrics HTTP/1.1" 400 73710
[2024-03-02 06:44:15] ERROR [django.security.DisallowedHost:99] [trace_id=0 span_id=0] [response_for_exception] Invalid HTTP_HOST header: 'service-2:8000'. You may need to add 'service-2' to ALLOWED_HOSTS.
[2024-03-02 06:44:15] WARNING [django.request:225] [trace_id=0 span_id=0] [log_response] Bad Request: /metrics
[2024-03-02 06:44:15] WARNING [django.server:179] [trace_id=0 span_id=0] [log_message] "GET /metrics HTTP/1.1" 400 73710
[2024-03-02 06:44:25] ERROR [django.security.DisallowedHost:99] [trace_id=0 span_id=0] [response_for_exception] Invalid HTTP_HOST header: 'service-2:8000'. You may need to add 'service-2' to ALLOWED_HOSTS.
[2024-03-02 06:44:25] WARNING [django.request:225] [trace_id=0 span_id=0] [log_response] Bad Request: /metrics
[2024-03-02 06:44:25] WARNING [django.server:179] [trace_id=0 span_id=0] [log_message] "GET /metrics HTTP/1.1" 400 73710
[2024-03-02 06:44:35] ERROR [django.security.DisallowedHost:99] [trace_id=0 span_id=0] [response_for_exception] Invalid HTTP_HOST header: 'service-2:8000'. You may need to add 'service-2' to ALLOWED_HOSTS.
[2024-03-02 06:44:35] WARNING [django.request:225] [trace_id=0 span_id=0] [log_response] Bad Request: /metrics
[2024-03-02 06:44:35] WARNING [django.server:179] [trace_id=0 span_id=0] [log_message] "GET /metrics HTTP/1.1" 400 73710
[2024-03-02 06:52:07] WARNING [django.request:225] [trace_id=0 span_id=0] [log_response] Unauthorized: /api/users/token/
[2024-03-02 06:52:07] WARNING [django.server:179] [trace_id=0 span_id=0] [log_message] "POST /api/users/token/ HTTP/1.1" 401 63
[2024-03-02 07:18:13] WARNING [opentelemetry.attributes:99] [trace_id=a4f839f682ba90e28f696c056f227944 span_id=2b0db86ac6bcac60] [_clean_attribute] Invalid type NoneType for attribute value. Expected one of ['bool', 'str', 'bytes', 'int', 'float'] or a sequence of those types
[2024-03-02 07:18:13] WARNING [opentelemetry.attributes:99] [trace_id=a4f839f682ba90e28f696c056f227944 span_id=2b0db86ac6bcac60] [_clean_attribute] Invalid type NoneType for attribute value. Expected one of ['bool', 'str', 'bytes', 'int', 'float'] or a sequence of those types
[2024-03-02 07:18:13] WARNING [opentelemetry.attributes:99] [trace_id=a4f839f682ba90e28f696c056f227944 span_id=de4bbc10a2ef078d] [_clean_attribute] Invalid type NoneType for attribute value. Expected one of ['bool', 'str', 'bytes', 'int', 'float'] or a sequence of those types
[2024-03-02 07:18:13] WARNING [opentelemetry.attributes:99] [trace_id=a4f839f682ba90e28f696c056f227944 span_id=de4bbc10a2ef078d] [_clean_attribute] Invalid type NoneType for attribute value. Expected one of ['bool', 'str', 'bytes', 'int', 'float'] or a sequence of those types
[2024-03-02 07:18:13] WARNING [opentelemetry.attributes:99] [trace_id=a4f839f682ba90e28f696c056f227944 span_id=3e6d57f5dfcd694f] [_clean_attribute] Invalid type NoneType for attribute value. Expected one of ['bool', 'str', 'bytes', 'int', 'float'] or a sequence of those types
[2024-03-02 07:18:13] WARNING [opentelemetry.attributes:99] [trace_id=a4f839f682ba90e28f696c056f227944 span_id=3e6d57f5dfcd694f] [_clean_attribute] Invalid type NoneType for attribute value. Expected one of ['bool', 'str', 'bytes', 'int', 'float'] or a sequence of those types
[2024-03-02 07:18:13] WARNING [opentelemetry.attributes:99] [trace_id=a4f839f682ba90e28f696c056f227944 span_id=41a74672739db252] [_clean_attribute] Invalid type NoneType for attribute value. Expected one of ['bool', 'str', 'bytes', 'int', 'float'] or a sequence of those types
[2024-03-02 07:18:13] WARNING [opentelemetry.attributes:99] [trace_id=a4f839f682ba90e28f696c056f227944 span_id=41a74672739db252] [_clean_attribute] Invalid type NoneType for attribute value. Expected one of ['bool', 'str', 'bytes', 'int', 'float'] or a sequence of those types
[2024-03-02 07:18:14] WARNING [opentelemetry.attributes:99] [trace_id=942a7d6f6cd46d7599e4a7033a6226fd span_id=18f5b5582af452ff] [_clean_attribute] Invalid type NoneType for attribute value. Expected one of ['bool', 'str', 'bytes', 'int', 'float'] or a sequence of those types
[2024-03-02 07:18:14] WARNING [opentelemetry.attributes:99] [trace_id=942a7d6f6cd46d7599e4a7033a6226fd span_id=18f5b5582af452ff] [_clean_attribute] Invalid type NoneType for attribute value. Expected one of ['bool', 'str', 'bytes', 'int', 'float'] or a sequence of those types
[2024-03-02 07:18:14] WARNING [opentelemetry.attributes:99] [trace_id=942a7d6f6cd46d7599e4a7033a6226fd span_id=4e06991ee0d219e8] [_clean_attribute] Invalid type NoneType for attribute value. Expected one of ['bool', 'str', 'bytes', 'int', 'float'] or a sequence of those types
[2024-03-02 07:18:14] WARNING [opentelemetry.attributes:99] [trace_id=942a7d6f6cd46d7599e4a7033a6226fd span_id=4e06991ee0d219e8] [_clean_attribute] Invalid type NoneType for attribute value. Expected one of ['bool', 'str', 'bytes', 'int', 'float'] or a sequence of those types
[2024-03-02 07:18:14] WARNING [opentelemetry.attributes:99] [trace_id=adef4b655649f624aa09e34436873ca3 span_id=42a017b015b89225] [_clean_attribute] Invalid type NoneType for attribute value. Expected one of ['bool', 'str', 'bytes', 'int', 'float'] or a sequence of those types
[2024-03-02 07:18:14] WARNING [opentelemetry.attributes:99] [trace_id=adef4b655649f624aa09e34436873ca3 span_id=42a017b015b89225] [_clean_attribute] Invalid type NoneType for attribute value. Expected one of ['bool', 'str', 'bytes', 'int', 'float'] or a sequence of those types
[2024-03-02 07:18:14] WARNING [opentelemetry.attributes:99] [trace_id=adef4b655649f624aa09e34436873ca3 span_id=00eead89c51d3646] [_clean_attribute] Invalid type NoneType for attribute value. Expected one of ['bool', 'str', 'bytes', 'int', 'float'] or a sequence of those types
[2024-03-02 07:18:14] WARNING [opentelemetry.attributes:99] [trace_id=adef4b655649f624aa09e34436873ca3 span_id=00eead89c51d3646] [_clean_attribute] Invalid type NoneType for attribute value. Expected one of ['bool', 'str', 'bytes', 'int', 'float'] or a sequence of those types
[2024-03-02 08:08:42] WARNING [opentelemetry.attributes:99] [trace_id=88475198b8a4adc4b296819977fc7239 span_id=0bb323b0d4a538f3] [_clean_attribute] Invalid type NoneType for attribute value. Expected one of ['bool', 'str', 'bytes', 'int', 'float'] or a sequence of those types
[2024-03-02 08:08:42] WARNING [opentelemetry.attributes:99] [trace_id=88475198b8a4adc4b296819977fc7239 span_id=0bb323b0d4a538f3] [_clean_attribute] Invalid type NoneType for attribute value. Expected one of ['bool', 'str', 'bytes', 'int', 'float'] or a sequence of those types
[2024-03-02 08:08:42] WARNING [opentelemetry.attributes:99] [trace_id=88475198b8a4adc4b296819977fc7239 span_id=89d59ba5ba9a3ee5] [_clean_attribute] Invalid type NoneType for attribute value. Expected one of ['bool', 'str', 'bytes', 'int', 'float'] or a sequence of those types
[2024-03-02 08:08:42] WARNING [opentelemetry.attributes:99] [trace_id=88475198b8a4adc4b296819977fc7239 span_id=89d59ba5ba9a3ee5] [_clean_attribute] Invalid type NoneType for attribute value. Expected one of ['bool', 'str', 'bytes', 'int', 'float'] or a sequence of those types
[2024-03-02 08:08:42] WARNING [opentelemetry.attributes:99] [trace_id=88475198b8a4adc4b296819977fc7239 span_id=5c5afec82e91b43f] [_clean_attribute] Invalid type NoneType for attribute value. Expected one of ['bool', 'str', 'bytes', 'int', 'float'] or a sequence of those types
[2024-03-02 08:08:42] WARNING [opentelemetry.attributes:99] [trace_id=88475198b8a4adc4b296819977fc7239 span_id=5c5afec82e91b43f] [_clean_attribute] Invalid type NoneType for attribute value. Expected one of ['bool', 'str', 'bytes', 'int', 'float'] or a sequence of those types
